{"content": {"suites": {"0": {"status": {"total_pass": 0, "total_skip": 0, "total_xpass": 0, "total_xfail": 0, "total_rerun": 0, "total_fail": 12, "total_error": 0}, "tests": {"0": {"status": "FAIL", "message": "   selenium.common.exceptions.NoSuchWindowException: Message: no such window: target window already closed\n   from unknown error: web view not found\n     (Session info: chrome=121.0.6167.187)\n   Stacktrace:\n   \tGetHandleVerifier [0x00007FF754217012+3522402]\n   \t(No symbol) [0x00007FF753E38352]\n   \t(No symbol) [0x00007FF753CE5ABB]\n   \t(No symbol) [0x00007FF753CC287C]\n   \t(No symbol) [0x00007FF753D55D97]\n   \t(No symbol) [0x00007FF753D6B3CF]\n   \t(No symbol) [0x00007FF753D4EE03]\n   \t(No symbol) [0x00007FF753D1F4D4]\n   \t(No symbol) [0x00007FF753D205F1]\n   \tGetHandleVerifier [0x00007FF754249B9D+3730157]\n   \tGetHandleVerifier [0x00007FF75429F02D+4079485]\n   \tGetHandleVerifier [0x00007FF7542975D3+4048163]\n   \tGetHandleVerifier [0x00007FF753F6A649+718233]\n   \t(No symbol) [0x00007FF753E44A3F]\n   \t(No symbol) [0x00007FF753E3FA94]\n   \t(No symbol) [0x00007FF753E3FBC2]\n   \t(No symbol) [0x00007FF753E2F2E4]\n   \tBaseThreadInitThunk [0x00007FFF9FE9257D+29]\n   \tRtlUserThreadStart [0x00007FFFA15CAA58+40]\n", "test_name": "test_radio_button", "rerun": "0"}, "1": {"status": "FAIL", "message": "   selenium.common.exceptions.NoSuchWindowException: Message: no such window: target window already closed\n   from unknown error: web view not found\n     (Session info: chrome=121.0.6167.187)\n   Stacktrace:\n   \tGetHandleVerifier [0x00007FF754217012+3522402]\n   \t(No symbol) [0x00007FF753E38352]\n   \t(No symbol) [0x00007FF753CE5ABB]\n   \t(No symbol) [0x00007FF753CC287C]\n   \t(No symbol) [0x00007FF753D55D97]\n   \t(No symbol) [0x00007FF753D6B3CF]\n   \t(No symbol) [0x00007FF753D4EE03]\n   \t(No symbol) [0x00007FF753D1F4D4]\n   \t(No symbol) [0x00007FF753D205F1]\n   \tGetHandleVerifier [0x00007FF754249B9D+3730157]\n   \tGetHandleVerifier [0x00007FF75429F02D+4079485]\n   \tGetHandleVerifier [0x00007FF7542975D3+4048163]\n   \tGetHandleVerifier [0x00007FF753F6A649+718233]\n   \t(No symbol) [0x00007FF753E44A3F]\n   \t(No symbol) [0x00007FF753E3FA94]\n   \t(No symbol) [0x00007FF753E3FBC2]\n   \t(No symbol) [0x00007FF753E2F2E4]\n   \tBaseThreadInitThunk [0x00007FFF9FE9257D+29]\n   \tRtlUserThreadStart [0x00007FFFA15CAA58+40]\n", "test_name": "test_passenger_info_input", "rerun": "0"}, "2": {"status": "FAIL", "message": "   selenium.common.exceptions.NoSuchWindowException: Message: no such window: target window already closed\n   from unknown error: web view not found\n     (Session info: chrome=121.0.6167.187)\n   Stacktrace:\n   \tGetHandleVerifier [0x00007FF754217012+3522402]\n   \t(No symbol) [0x00007FF753E38352]\n   \t(No symbol) [0x00007FF753CE5ABB]\n   \t(No symbol) [0x00007FF753CC287C]\n   \t(No symbol) [0x00007FF753D55D97]\n   \t(No symbol) [0x00007FF753D6B3CF]\n   \t(No symbol) [0x00007FF753D4EE03]\n   \t(No symbol) [0x00007FF753D1F4D4]\n   \t(No symbol) [0x00007FF753D205F1]\n   \tGetHandleVerifier [0x00007FF754249B9D+3730157]\n   \tGetHandleVerifier [0x00007FF75429F02D+4079485]\n   \tGetHandleVerifier [0x00007FF7542975D3+4048163]\n   \tGetHandleVerifier [0x00007FF753F6A649+718233]\n   \t(No symbol) [0x00007FF753E44A3F]\n   \t(No symbol) [0x00007FF753E3FA94]\n   \t(No symbol) [0x00007FF753E3FBC2]\n   \t(No symbol) [0x00007FF753E2F2E4]\n   \tBaseThreadInitThunk [0x00007FFF9FE9257D+29]\n   \tRtlUserThreadStart [0x00007FFFA15CAA58+40]\n", "test_name": "test_passenger_birth_date", "rerun": "0"}, "3": {"status": "FAIL", "message": "   selenium.common.exceptions.NoSuchWindowException: Message: no such window: target window already closed\n   from unknown error: web view not found\n     (Session info: chrome=121.0.6167.187)\n   Stacktrace:\n   \tGetHandleVerifier [0x00007FF754217012+3522402]\n   \t(No symbol) [0x00007FF753E38352]\n   \t(No symbol) [0x00007FF753CE5ABB]\n   \t(No symbol) [0x00007FF753CC287C]\n   \t(No symbol) [0x00007FF753D55D97]\n   \t(No symbol) [0x00007FF753D6B3CF]\n   \t(No symbol) [0x00007FF753D4EE03]\n   \t(No symbol) [0x00007FF753D1F4D4]\n   \t(No symbol) [0x00007FF753D205F1]\n   \tGetHandleVerifier [0x00007FF754249B9D+3730157]\n   \tGetHandleVerifier [0x00007FF75429F02D+4079485]\n   \tGetHandleVerifier [0x00007FF7542975D3+4048163]\n   \tGetHandleVerifier [0x00007FF753F6A649+718233]\n   \t(No symbol) [0x00007FF753E44A3F]\n   \t(No symbol) [0x00007FF753E3FA94]\n   \t(No symbol) [0x00007FF753E3FBC2]\n   \t(No symbol) [0x00007FF753E2F2E4]\n   \tBaseThreadInitThunk [0x00007FFF9FE9257D+29]\n   \tRtlUserThreadStart [0x00007FFFA15CAA58+40]\n", "test_name": "test_passenger_sex", "rerun": "0"}, "4": {"status": "FAIL", "message": "  AttributeError: 'Dummybookingticketpage' object has no attribute 'select_additional_passenger'\n", "test_name": "test_passenger_count", "rerun": "0"}, "5": {"status": "FAIL", "message": "   selenium.common.exceptions.NoSuchWindowException: Message: no such window: target window already closed\n   from unknown error: web view not found\n     (Session info: chrome=121.0.6167.187)\n   Stacktrace:\n   \tGetHandleVerifier [0x00007FF754217012+3522402]\n   \t(No symbol) [0x00007FF753E38352]\n   \t(No symbol) [0x00007FF753CE5ABB]\n   \t(No symbol) [0x00007FF753CC287C]\n   \t(No symbol) [0x00007FF753D55D97]\n   \t(No symbol) [0x00007FF753D6B3CF]\n   \t(No symbol) [0x00007FF753D4EE03]\n   \t(No symbol) [0x00007FF753D1F4D4]\n   \t(No symbol) [0x00007FF753D205F1]\n   \tGetHandleVerifier [0x00007FF754249B9D+3730157]\n   \tGetHandleVerifier [0x00007FF75429F02D+4079485]\n   \tGetHandleVerifier [0x00007FF7542975D3+4048163]\n   \tGetHandleVerifier [0x00007FF753F6A649+718233]\n   \t(No symbol) [0x00007FF753E44A3F]\n   \t(No symbol) [0x00007FF753E3FA94]\n   \t(No symbol) [0x00007FF753E3FBC2]\n   \t(No symbol) [0x00007FF753E2F2E4]\n   \tBaseThreadInitThunk [0x00007FFF9FE9257D+29]\n   \tRtlUserThreadStart [0x00007FFFA15CAA58+40]\n", "test_name": "test_passenger_trip", "rerun": "0"}, "6": {"status": "FAIL", "message": "   selenium.common.exceptions.NoSuchWindowException: Message: no such window: target window already closed\n   from unknown error: web view not found\n     (Session info: chrome=121.0.6167.187)\n   Stacktrace:\n   \tGetHandleVerifier [0x00007FF754217012+3522402]\n   \t(No symbol) [0x00007FF753E38352]\n   \t(No symbol) [0x00007FF753CE5ABB]\n   \t(No symbol) [0x00007FF753CC287C]\n   \t(No symbol) [0x00007FF753D55D97]\n   \t(No symbol) [0x00007FF753D6B3CF]\n   \t(No symbol) [0x00007FF753D4EE03]\n   \t(No symbol) [0x00007FF753D1F4D4]\n   \t(No symbol) [0x00007FF753D205F1]\n   \tGetHandleVerifier [0x00007FF754249B9D+3730157]\n   \tGetHandleVerifier [0x00007FF75429F02D+4079485]\n   \tGetHandleVerifier [0x00007FF7542975D3+4048163]\n   \tGetHandleVerifier [0x00007FF753F6A649+718233]\n   \t(No symbol) [0x00007FF753E44A3F]\n   \t(No symbol) [0x00007FF753E3FA94]\n   \t(No symbol) [0x00007FF753E3FBC2]\n   \t(No symbol) [0x00007FF753E2F2E4]\n   \tBaseThreadInitThunk [0x00007FFF9FE9257D+29]\n   \tRtlUserThreadStart [0x00007FFFA15CAA58+40]\n", "test_name": "test_passenger_city", "rerun": "0"}, "7": {"status": "FAIL", "message": "   selenium.common.exceptions.NoSuchWindowException: Message: no such window: target window already closed\n   from unknown error: web view not found\n     (Session info: chrome=121.0.6167.187)\n   Stacktrace:\n   \tGetHandleVerifier [0x00007FF754217012+3522402]\n   \t(No symbol) [0x00007FF753E38352]\n   \t(No symbol) [0x00007FF753CE5ABB]\n   \t(No symbol) [0x00007FF753CC287C]\n   \t(No symbol) [0x00007FF753D55D97]\n   \t(No symbol) [0x00007FF753D6B3CF]\n   \t(No symbol) [0x00007FF753D4EE03]\n   \t(No symbol) [0x00007FF753D1F4D4]\n   \t(No symbol) [0x00007FF753D205F1]\n   \tGetHandleVerifier [0x00007FF754249B9D+3730157]\n   \tGetHandleVerifier [0x00007FF75429F02D+4079485]\n   \tGetHandleVerifier [0x00007FF7542975D3+4048163]\n   \tGetHandleVerifier [0x00007FF753F6A649+718233]\n   \t(No symbol) [0x00007FF753E44A3F]\n   \t(No symbol) [0x00007FF753E3FA94]\n   \t(No symbol) [0x00007FF753E3FBC2]\n   \t(No symbol) [0x00007FF753E2F2E4]\n   \tBaseThreadInitThunk [0x00007FFF9FE9257D+29]\n   \tRtlUserThreadStart [0x00007FFFA15CAA58+40]\n", "test_name": "test_passenger_departure_return_date", "rerun": "0"}, "8": {"status": "FAIL", "message": "   selenium.common.exceptions.NoSuchWindowException: Message: no such window: target window already closed\n   from unknown error: web view not found\n     (Session info: chrome=121.0.6167.187)\n   Stacktrace:\n   \tGetHandleVerifier [0x00007FF754217012+3522402]\n   \t(No symbol) [0x00007FF753E38352]\n   \t(No symbol) [0x00007FF753CE5ABB]\n   \t(No symbol) [0x00007FF753CC287C]\n   \t(No symbol) [0x00007FF753D55D97]\n   \t(No symbol) [0x00007FF753D6B3CF]\n   \t(No symbol) [0x00007FF753D4EE03]\n   \t(No symbol) [0x00007FF753D1F4D4]\n   \t(No symbol) [0x00007FF753D205F1]\n   \tGetHandleVerifier [0x00007FF754249B9D+3730157]\n   \tGetHandleVerifier [0x00007FF75429F02D+4079485]\n   \tGetHandleVerifier [0x00007FF7542975D3+4048163]\n   \tGetHandleVerifier [0x00007FF753F6A649+718233]\n   \t(No symbol) [0x00007FF753E44A3F]\n   \t(No symbol) [0x00007FF753E3FA94]\n   \t(No symbol) [0x00007FF753E3FBC2]\n   \t(No symbol) [0x00007FF753E2F2E4]\n   \tBaseThreadInitThunk [0x00007FFF9FE9257D+29]\n   \tRtlUserThreadStart [0x00007FFFA15CAA58+40]\n", "test_name": "test_passenger_visa_date", "rerun": "0"}, "9": {"status": "FAIL", "message": "   selenium.common.exceptions.NoSuchWindowException: Message: no such window: target window already closed\n   from unknown error: web view not found\n     (Session info: chrome=121.0.6167.187)\n   Stacktrace:\n   \tGetHandleVerifier [0x00007FF754217012+3522402]\n   \t(No symbol) [0x00007FF753E38352]\n   \t(No symbol) [0x00007FF753CE5ABB]\n   \t(No symbol) [0x00007FF753CC287C]\n   \t(No symbol) [0x00007FF753D55D97]\n   \t(No symbol) [0x00007FF753D6B3CF]\n   \t(No symbol) [0x00007FF753D4EE03]\n   \t(No symbol) [0x00007FF753D1F4D4]\n   \t(No symbol) [0x00007FF753D205F1]\n   \tGetHandleVerifier [0x00007FF754249B9D+3730157]\n   \tGetHandleVerifier [0x00007FF75429F02D+4079485]\n   \tGetHandleVerifier [0x00007FF7542975D3+4048163]\n   \tGetHandleVerifier [0x00007FF753F6A649+718233]\n   \t(No symbol) [0x00007FF753E44A3F]\n   \t(No symbol) [0x00007FF753E3FA94]\n   \t(No symbol) [0x00007FF753E3FBC2]\n   \t(No symbol) [0x00007FF753E2F2E4]\n   \tBaseThreadInitThunk [0x00007FFF9FE9257D+29]\n   \tRtlUserThreadStart [0x00007FFFA15CAA58+40]\n", "test_name": "test_passenger_ticket", "rerun": "0"}, "10": {"status": "FAIL", "message": "   selenium.common.exceptions.NoSuchWindowException: Message: no such window: target window already closed\n   from unknown error: web view not found\n     (Session info: chrome=121.0.6167.187)\n   Stacktrace:\n   \tGetHandleVerifier [0x00007FF754217012+3522402]\n   \t(No symbol) [0x00007FF753E38352]\n   \t(No symbol) [0x00007FF753CE5ABB]\n   \t(No symbol) [0x00007FF753CC287C]\n   \t(No symbol) [0x00007FF753D55D97]\n   \t(No symbol) [0x00007FF753D6B3CF]\n   \t(No symbol) [0x00007FF753D4EE03]\n   \t(No symbol) [0x00007FF753D1F4D4]\n   \t(No symbol) [0x00007FF753D205F1]\n   \tGetHandleVerifier [0x00007FF754249B9D+3730157]\n   \tGetHandleVerifier [0x00007FF75429F02D+4079485]\n   \tGetHandleVerifier [0x00007FF7542975D3+4048163]\n   \tGetHandleVerifier [0x00007FF753F6A649+718233]\n   \t(No symbol) [0x00007FF753E44A3F]\n   \t(No symbol) [0x00007FF753E3FA94]\n   \t(No symbol) [0x00007FF753E3FBC2]\n   \t(No symbol) [0x00007FF753E2F2E4]\n   \tBaseThreadInitThunk [0x00007FFF9FE9257D+29]\n   \tRtlUserThreadStart [0x00007FFFA15CAA58+40]\n", "test_name": "test_passenger_add", "rerun": "0"}, "11": {"status": "FAIL", "message": "   selenium.common.exceptions.NoSuchWindowException: Message: no such window: target window already closed\n   from unknown error: web view not found\n     (Session info: chrome=121.0.6167.187)\n   Stacktrace:\n   \tGetHandleVerifier [0x00007FF754217012+3522402]\n   \t(No symbol) [0x00007FF753E38352]\n   \t(No symbol) [0x00007FF753CE5ABB]\n   \t(No symbol) [0x00007FF753CC287C]\n   \t(No symbol) [0x00007FF753D55D97]\n   \t(No symbol) [0x00007FF753D6B3CF]\n   \t(No symbol) [0x00007FF753D4EE03]\n   \t(No symbol) [0x00007FF753D1F4D4]\n   \t(No symbol) [0x00007FF753D205F1]\n   \tGetHandleVerifier [0x00007FF754249B9D+3730157]\n   \tGetHandleVerifier [0x00007FF75429F02D+4079485]\n   \tGetHandleVerifier [0x00007FF7542975D3+4048163]\n   \tGetHandleVerifier [0x00007FF753F6A649+718233]\n   \t(No symbol) [0x00007FF753E44A3F]\n   \t(No symbol) [0x00007FF753E3FA94]\n   \t(No symbol) [0x00007FF753E3FBC2]\n   \t(No symbol) [0x00007FF753E2F2E4]\n   \tBaseThreadInitThunk [0x00007FFF9FE9257D+29]\n   \tRtlUserThreadStart [0x00007FFFA15CAA58+40]\n", "test_name": "test_passenger_visited_city", "rerun": "0"}}, "suite_name": "tests/test_dummy_ticket_booking.py"}}}, "date": "March 05, 2024", "start_time": 1709636065.4457192, "total_suite": 1, "status": "FAIL", "status_list": {"pass": "0", "fail": "12", "skip": "0", "error": "0", "xpass": "0", "xfail": "0", "rerun": "0"}, "total_tests": "12"}