{"content": {"suites": {"0": {"status": {"total_pass": 0, "total_skip": 0, "total_xpass": 0, "total_xfail": 0, "total_rerun": 0, "total_fail": 3, "total_error": 0}, "tests": {"0": {"status": "FAIL", "message": "   selenium.common.exceptions.InvalidArgumentException: Message: invalid argument\n     (Session info: chrome=122.0.6261.57)\n   Stacktrace:\n   \tGetHandleVerifier [0x00007FF740664C82+3505170]\n   \t(No symbol) [0x00007FF740290852]\n   \t(No symbol) [0x00007FF740143FFD]\n   \t(No symbol) [0x00007FF74013239D]\n   \t(No symbol) [0x00007FF740130676]\n   \t(No symbol) [0x00007FF740130EDC]\n   \t(No symbol) [0x00007FF74014685D]\n   \t(No symbol) [0x00007FF7401C8D07]\n   \t(No symbol) [0x00007FF7401ABE8A]\n   \t(No symbol) [0x00007FF7401C83B2]\n   \t(No symbol) [0x00007FF7401ABC33]\n   \t(No symbol) [0x00007FF74017D618]\n   \t(No symbol) [0x00007FF74017E6B1]\n   \tGetHandleVerifier [0x00007FF7406967DD+3708781]\n   \tGetHandleVerifier [0x00007FF7406EFC5D+4074477]\n   \tGetHandleVerifier [0x00007FF7406E7DDF+4042095]\n   \tGetHandleVerifier [0x00007FF7403BA136+708806]\n   \t(No symbol) [0x00007FF74029CB0F]\n   \t(No symbol) [0x00007FF740297D14]\n   \t(No symbol) [0x00007FF740297E6C]\n   \t(No symbol) [0x00007FF7402879A4]\n   \tBaseThreadInitThunk [0x00007FF907457344+20]\n   \tRtlUserThreadStart [0x00007FF9093826B1+33]\n", "test_name": "test_multi_browser[driver0-www.facebook.com]", "rerun": "0"}, "1": {"status": "FAIL", "message": "   selenium.common.exceptions.InvalidArgumentException: Message: Malformed URL: URL constructor: www.youtube.com is not a valid URL.\n   Stacktrace:\n   RemoteError@chrome://remote/content/shared/RemoteError.sys.mjs:8:8\n   WebDriverError@chrome://remote/content/shared/webdriver/Errors.sys.mjs:191:5\n   InvalidArgumentError@chrome://remote/content/shared/webdriver/Errors.sys.mjs:382:5\n   GeckoDriver.prototype.navigateTo@chrome://remote/content/marionette/driver.sys.mjs:825:11\n", "test_name": "test_multi_browser[driver1-www.youtube.com]", "rerun": "0"}, "2": {"status": "FAIL", "message": "   selenium.common.exceptions.InvalidArgumentException: Message: invalid argument\n     (Session info: MicrosoftEdge=121.0.2277.128)\n   Stacktrace:\n   \tGetHandleVerifier [0x00007FF7F510B892+60738]\n   \tMicrosoft::Applications::Events::ILogConfiguration::operator* [0x00007FF7F5097B32+233090]\n   \t(No symbol) [0x00007FF7F4EAAC43]\n   \t(No symbol) [0x00007FF7F4E94390]\n   \t(No symbol) [0x00007FF7F4E91D0D]\n   \t(No symbol) [0x00007FF7F4E929DC]\n   \t(No symbol) [0x00007FF7F4EAD635]\n   \t(No symbol) [0x00007FF7F4F39FB1]\n   \t(No symbol) [0x00007FF7F4F1C5CA]\n   \t(No symbol) [0x00007FF7F4EEE201]\n   \t(No symbol) [0x00007FF7F4F39528]\n   \t(No symbol) [0x00007FF7F4F1C233]\n   \t(No symbol) [0x00007FF7F4EED568]\n   \t(No symbol) [0x00007FF7F4EEC394]\n   \t(No symbol) [0x00007FF7F4EED101]\n   \tMicrosoft::Applications::Events::EventProperty::to_string [0x00007FF7F52C7D2C+1072924]\n   \t(No symbol) [0x00007FF7F4F70F45]\n   \t(No symbol) [0x00007FF7F5008F6C]\n   \t(No symbol) [0x00007FF7F5000A5D]\n   \tMicrosoft::Applications::Events::EventProperty::to_string [0x00007FF7F52C6773+1067363]\n   \tMicrosoft::Applications::Events::ILogConfiguration::operator* [0x00007FF7F50A1A88+273880]\n   \tMicrosoft::Applications::Events::ILogConfiguration::operator* [0x00007FF7F509C794+252644]\n   \tMicrosoft::Applications::Events::ILogConfiguration::operator* [0x00007FF7F509C8C2+252946]\n   \tMicrosoft::Applications::Events::ILogConfiguration::operator* [0x00007FF7F5092EC1+213521]\n   \tBaseThreadInitThunk [0x00007FF907457344+20]\n   \tRtlUserThreadStart [0x00007FF9093826B1+33]\n", "test_name": "test_multi_browser[driver2-www.instagram.com]", "rerun": "0"}}, "suite_name": "website/test_parametrize.py"}}}, "date": "February 24, 2024", "start_time": 1708757494.7946224, "total_suite": 1, "status": "FAIL", "status_list": {"pass": "0", "fail": "3", "skip": "0", "error": "0", "xpass": "0", "xfail": "0", "rerun": "0"}, "total_tests": "3"}